Start testing: Nov 06 18:20 EST
----------------------------------------------------------
1/24 Testing: test_set_default_ctor
1/24 Test: test_set_default_ctor
Command: "/Users/mdecker/teaching/software-engineering-examples/ci/build/bin/test_set_default_ctor"
Directory: /Users/mdecker/teaching/software-engineering-examples/ci/build/test/set
"test_set_default_ctor" start time: Nov 06 18:20 EST
Output:
----------------------------------------------------------
<end of output>
Test time =   0.00 sec
----------------------------------------------------------
Test Passed.
"test_set_default_ctor" end time: Nov 06 18:20 EST
"test_set_default_ctor" time elapsed: 00:00:00
----------------------------------------------------------

2/24 Testing: test_set_int_ctor
2/24 Test: test_set_int_ctor
Command: "/Users/mdecker/teaching/software-engineering-examples/ci/build/bin/test_set_int_ctor"
Directory: /Users/mdecker/teaching/software-engineering-examples/ci/build/test/set
"test_set_int_ctor" start time: Nov 06 18:20 EST
Output:
----------------------------------------------------------
<end of output>
Test time =   0.00 sec
----------------------------------------------------------
Test Passed.
"test_set_int_ctor" end time: Nov 06 18:20 EST
"test_set_int_ctor" time elapsed: 00:00:00
----------------------------------------------------------

3/24 Testing: test_stack_assign
3/24 Test: test_stack_assign
Command: "/Users/mdecker/teaching/software-engineering-examples/ci/build/bin/test_stack_assign"
Directory: /Users/mdecker/teaching/software-engineering-examples/ci/build/test/stack
"test_stack_assign" start time: Nov 06 18:20 EST
Output:
----------------------------------------------------------
Done testing assign
<end of output>
Test time =   0.00 sec
----------------------------------------------------------
Test Passed.
"test_stack_assign" end time: Nov 06 18:20 EST
"test_stack_assign" time elapsed: 00:00:00
----------------------------------------------------------

4/24 Testing: test_stack_ctor_copy
4/24 Test: test_stack_ctor_copy
Command: "/Users/mdecker/teaching/software-engineering-examples/ci/build/bin/test_stack_ctor_copy"
Directory: /Users/mdecker/teaching/software-engineering-examples/ci/build/test/stack
"test_stack_ctor_copy" start time: Nov 06 18:20 EST
Output:
----------------------------------------------------------
Done testing ctor copy
<end of output>
Test time =   0.00 sec
----------------------------------------------------------
Test Passed.
"test_stack_ctor_copy" end time: Nov 06 18:20 EST
"test_stack_ctor_copy" time elapsed: 00:00:00
----------------------------------------------------------

5/24 Testing: test_stack_ctor_default
5/24 Test: test_stack_ctor_default
Command: "/Users/mdecker/teaching/software-engineering-examples/ci/build/bin/test_stack_ctor_default"
Directory: /Users/mdecker/teaching/software-engineering-examples/ci/build/test/stack
"test_stack_ctor_default" start time: Nov 06 18:20 EST
Output:
----------------------------------------------------------
Done testing default ctor
<end of output>
Test time =   0.00 sec
----------------------------------------------------------
Test Passed.
"test_stack_ctor_default" end time: Nov 06 18:20 EST
"test_stack_ctor_default" time elapsed: 00:00:00
----------------------------------------------------------

6/24 Testing: test_stack_empty
6/24 Test: test_stack_empty
Command: "/Users/mdecker/teaching/software-engineering-examples/ci/build/bin/test_stack_empty"
Directory: /Users/mdecker/teaching/software-engineering-examples/ci/build/test/stack
"test_stack_empty" start time: Nov 06 18:20 EST
Output:
----------------------------------------------------------
Done testing empty
<end of output>
Test time =   0.00 sec
----------------------------------------------------------
Test Passed.
"test_stack_empty" end time: Nov 06 18:20 EST
"test_stack_empty" time elapsed: 00:00:00
----------------------------------------------------------

7/24 Testing: test_stack_push_pop
7/24 Test: test_stack_push_pop
Command: "/Users/mdecker/teaching/software-engineering-examples/ci/build/bin/test_stack_push_pop"
Directory: /Users/mdecker/teaching/software-engineering-examples/ci/build/test/stack
"test_stack_push_pop" start time: Nov 06 18:20 EST
Output:
----------------------------------------------------------
Done testing push/pop 
<end of output>
Test time =   0.00 sec
----------------------------------------------------------
Test Passed.
"test_stack_push_pop" end time: Nov 06 18:20 EST
"test_stack_push_pop" time elapsed: 00:00:00
----------------------------------------------------------

8/24 Testing: test_stack_swap
8/24 Test: test_stack_swap
Command: "/Users/mdecker/teaching/software-engineering-examples/ci/build/bin/test_stack_swap"
Directory: /Users/mdecker/teaching/software-engineering-examples/ci/build/test/stack
"test_stack_swap" start time: Nov 06 18:20 EST
Output:
----------------------------------------------------------
Done testing swap
<end of output>
Test time =   0.00 sec
----------------------------------------------------------
Test Passed.
"test_stack_swap" end time: Nov 06 18:20 EST
"test_stack_swap" time elapsed: 00:00:00
----------------------------------------------------------

9/24 Testing: test_str_concat
9/24 Test: test_str_concat
Command: "/Users/mdecker/teaching/software-engineering-examples/ci/build/bin/test_str_concat"
Directory: /Users/mdecker/teaching/software-engineering-examples/ci/build/test/string
"test_str_concat" start time: Nov 06 18:20 EST
Output:
----------------------------------------------------------
|abxyz| == |abxyz| && length == 5 && Capacity == 5
|abxyz| == |abxyz| && length == 5 && Capacity == 5
|abc| == |abc| && length == 3 && Capacity == 3
|abc| == |abc| && length == 3 && Capacity == 3
|xyz| == |xyz| && length == 3 && Capacity == 3
|| == || && length == 0 && Capacity == 0
|| == || && length == 0 && Capacity == 0
|ax| == |ax| && length == 2 && Capacity == 2
|ax| == |ax| && length == 2 && Capacity == 2
|abxyz| == |abxyz| && length == 5 && Capacity == 5
|abcxy| == |abcxy| && length == 5 && Capacity == 5
|1234567890/n!#$%^6YHd1234567890/n!#$%^6YHd 1234567890/n!#$%^6YHd 1234567890/n!#$%^6YHd 1234567890/n!#$%^6YHd 1234567890/n!#$%^6YHd 1234567890/n!#$%^6YHd 1234567890/n!#$%^6YHd 1234567890/n!#$%^6YHd 1234567890/n!#$%^6YHd 1234567890/n!#$%^6YHd 123456789 0255| == |1234567890/n!#$%^6YHd1234567890/n!#$%^6YHd 1234567890/n!#$%^6YHd 1234567890/n!#$%^6YHd 1234567890/n!#$%^6YHd 1234567890/n!#$%^6YHd 1234567890/n!#$%^6YHd 1234567890/n!#$%^6YHd 1234567890/n!#$%^6YHd 1234567890/n!#$%^6YHd 1234567890/n!#$%^6YHd 123456789 0255| && length == 255 && Capacity == 255
1548*|1234567890/n!#$%^6YHd1234567890/n!#$%^6YHd 1234567890/n!#$%^6YHd 1234567890/n!#$%^6YHd 1234567890/n!#$%^6YHd 1234567890/n!#$%^6YHd 1234567890/n!#$%^6YHd 1234567890/n!#$%^6YHd 1234567890/n!#$%^6YHd 1234567890/n!#$%^6YHd 1234567890/n!#$%^6YHd 123456789 0255| == |1548*1234567890/n!#$%^6YHd1234567890/n!#$%^6YHd 1234567890/n!#$%^6YHd 1234567890/n!#$%^6YHd 1234567890/n!#$%^6YHd 1234567890/n!#$%^6YHd 1234567890/n!#$%^6YHd 1234567890/n!#$%^6YHd 1234567890/n!#$%^6YHd 1234567890/n!#$%^6YHd 1234567890/n!#$%^6YHd 123456789 0255| && length == 260 && Capacity == 260
|abxyz| == |abxyz| && length == 5 && Capacity == 5
|abc| == |abc| && length == 3 && Capacity == 3
|xyz| == |xyz| && length == 3 && Capacity == 3
|| == || && length == 0 && Capacity == 0
|| == || && length == 0 && Capacity == 0
|ax| == |ax| && length == 2 && Capacity == 2
|abxyz| == |abxyz| && length == 5 && Capacity == 5
|abcxy| == |abcxy| && length == 5 && Capacity == 5
|1234567890/n!#$%^6YHd1234567890/n!#$%^6YHd 1234567890/n!#$%^6YHd 1234567890/n!#$%^6YHd 1234567890/n!#$%^6YHd 1234567890/n!#$%^6YHd 1234567890/n!#$%^6YHd 1234567890/n!#$%^6YHd 1234567890/n!#$%^6YHd 1234567890/n!#$%^6YHd 1234567890/n!#$%^6YHd 123456789 0255| == |1234567890/n!#$%^6YHd1234567890/n!#$%^6YHd 1234567890/n!#$%^6YHd 1234567890/n!#$%^6YHd 1234567890/n!#$%^6YHd 1234567890/n!#$%^6YHd 1234567890/n!#$%^6YHd 1234567890/n!#$%^6YHd 1234567890/n!#$%^6YHd 1234567890/n!#$%^6YHd 1234567890/n!#$%^6YHd 123456789 0255| && length == 255 && Capacity == 255
|1234567890/n!#$%^6YHpoju!d1234567890/n!#$%^6YHd 1234567890/n!#$%^6YHd 1234567890/n!#$%^6YHd 1234567890/n!#$%^6YHd 1234567890/n!#$%^6YHd 1234567890/n!#$%^6YHd 1234567890/n!#$%^6YHd 1234567890/n!#$%^6YHd 1234567890/n!#$%^6YHd 1234567890/n!#$%^6YHd 123456789 0255| == |1234567890/n!#$%^6YHdpoju!1234567890/n!#$%^6YHd 1234567890/n!#$%^6YHd 1234567890/n!#$%^6YHd 1234567890/n!#$%^6YHd 1234567890/n!#$%^6YHd 1234567890/n!#$%^6YHd 1234567890/n!#$%^6YHd 1234567890/n!#$%^6YHd 1234567890/n!#$%^6YHd 1234567890/n!#$%^6YHd 123456789 0255| && length == 260 && Capacity == 260
Done testing operator+.
---------------------------------------------------------------------

<end of output>
Test time =   0.00 sec
----------------------------------------------------------
Test Passed.
"test_str_concat" end time: Nov 06 18:20 EST
"test_str_concat" time elapsed: 00:00:00
----------------------------------------------------------

10/24 Testing: test_str_ctor_char
10/24 Test: test_str_ctor_char
Command: "/Users/mdecker/teaching/software-engineering-examples/ci/build/bin/test_str_ctor_char"
Directory: /Users/mdecker/teaching/software-engineering-examples/ci/build/test/string
"test_str_ctor_char" start time: Nov 06 18:20 EST
Output:
----------------------------------------------------------
|| == || && length == 0 && Capacity == 1
|a| == |a| && length == 1 && Capacity == 1
Done testing ctor String(char).
---------------------------------------------------------------------

<end of output>
Test time =   0.00 sec
----------------------------------------------------------
Test Passed.
"test_str_ctor_char" end time: Nov 06 18:20 EST
"test_str_ctor_char" time elapsed: 00:00:00
----------------------------------------------------------

11/24 Testing: test_str_ctor_charArray
11/24 Test: test_str_ctor_charArray
Command: "/Users/mdecker/teaching/software-engineering-examples/ci/build/bin/test_str_ctor_charArray"
Directory: /Users/mdecker/teaching/software-engineering-examples/ci/build/test/string
"test_str_ctor_charArray" start time: Nov 06 18:20 EST
Output:
----------------------------------------------------------
|abc| == |abc| && length == 3 && Capacity == 3
|| == || && length == 0 && Capacity == 0
|x| == |x| && length == 1 && Capacity == 1
Done testing ctor String(char[]).
---------------------------------------------------------------------

<end of output>
Test time =   0.00 sec
----------------------------------------------------------
Test Passed.
"test_str_ctor_charArray" end time: Nov 06 18:20 EST
"test_str_ctor_charArray" time elapsed: 00:00:00
----------------------------------------------------------

12/24 Testing: test_str_ctor_copy
12/24 Test: test_str_ctor_copy
Command: "/Users/mdecker/teaching/software-engineering-examples/ci/build/bin/test_str_ctor_copy"
Directory: /Users/mdecker/teaching/software-engineering-examples/ci/build/test/string
"test_str_ctor_copy" start time: Nov 06 18:20 EST
Output:
----------------------------------------------------------
Done testing copy ctor.
---------------------------------------------------------------------

<end of output>
Test time =   0.00 sec
----------------------------------------------------------
Test Passed.
"test_str_ctor_copy" end time: Nov 06 18:20 EST
"test_str_ctor_copy" time elapsed: 00:00:00
----------------------------------------------------------

13/24 Testing: test_str_ctor_default
13/24 Test: test_str_ctor_default
Command: "/Users/mdecker/teaching/software-engineering-examples/ci/build/bin/test_str_ctor_default"
Directory: /Users/mdecker/teaching/software-engineering-examples/ci/build/test/string
"test_str_ctor_default" start time: Nov 06 18:20 EST
Output:
----------------------------------------------------------
|| == || && length == 0 && Capacity == 0
Done testing default ctor.
---------------------------------------------------------------------

<end of output>
Test time =   0.00 sec
----------------------------------------------------------
Test Passed.
"test_str_ctor_default" end time: Nov 06 18:20 EST
"test_str_ctor_default" time elapsed: 00:00:00
----------------------------------------------------------

14/24 Testing: test_str_equal
14/24 Test: test_str_equal
Command: "/Users/mdecker/teaching/software-engineering-examples/ci/build/bin/test_str_equal"
Directory: /Users/mdecker/teaching/software-engineering-examples/ci/build/test/string
"test_str_equal" start time: Nov 06 18:20 EST
Output:
----------------------------------------------------------
s1 == ab
s2 == ab
s3 == abc
s4 == a
s5 == 
s6 == 
s7 == a
s8 == 0123456789ABCDEFGHIJ!@#$%^&*()0123456789ABCDEFGHIJ!@#$%^&*()
s9 == 0123456789ABCDEFGHIJ!@#$%^&*()0123456789ABCDEFGHIJ!@#$%^&*()
s10 ==      	
 	     	
 	     	
 	     	
 	     	
 	     	
 	     	
 	     	
 	     	
 	     	
 	     	
 	     	
 	     	
 	     	
 	     	
 	     	
 	     	
 	     	
 	     	
 	     	
 	     	
 	     	
 	     	
 	     	
 	     	
 	00255
Done testing operator==.
---------------------------------------------------------------------

<end of output>
Test time =   0.00 sec
----------------------------------------------------------
Test Passed.
"test_str_equal" end time: Nov 06 18:20 EST
"test_str_equal" time elapsed: 00:00:00
----------------------------------------------------------

15/24 Testing: test_str_find_char
15/24 Test: test_str_find_char
Command: "/Users/mdecker/teaching/software-engineering-examples/ci/build/bin/test_str_find_char"
Directory: /Users/mdecker/teaching/software-engineering-examples/ci/build/test/string
"test_str_find_char" start time: Nov 06 18:20 EST
Output:
----------------------------------------------------------
Done testing find char.
---------------------------------------------------------------------

<end of output>
Test time =   0.00 sec
----------------------------------------------------------
Test Passed.
"test_str_find_char" end time: Nov 06 18:20 EST
"test_str_find_char" time elapsed: 00:00:00
----------------------------------------------------------

16/24 Testing: test_str_find_string
16/24 Test: test_str_find_string
Command: "/Users/mdecker/teaching/software-engineering-examples/ci/build/bin/test_str_find_string"
Directory: /Users/mdecker/teaching/software-engineering-examples/ci/build/test/string
"test_str_find_string" start time: Nov 06 18:20 EST
Output:
----------------------------------------------------------
Done testing find string.
---------------------------------------------------------------------

<end of output>
Test time =   0.00 sec
----------------------------------------------------------
Test Passed.
"test_str_find_string" end time: Nov 06 18:20 EST
"test_str_find_string" time elapsed: 00:00:00
----------------------------------------------------------

17/24 Testing: test_str_greaterThan
17/24 Test: test_str_greaterThan
Command: "/Users/mdecker/teaching/software-engineering-examples/ci/build/bin/test_str_greaterThan"
Directory: /Users/mdecker/teaching/software-engineering-examples/ci/build/test/string
"test_str_greaterThan" start time: Nov 06 18:20 EST
Output:
----------------------------------------------------------
s1 == ab
s2 == abc
s3 == ad
s4 == d
s5 == ab
s6 == a
s7 == 
Done testing operator>.
---------------------------------------------------------------------

<end of output>
Test time =   0.00 sec
----------------------------------------------------------
Test Passed.
"test_str_greaterThan" end time: Nov 06 18:20 EST
"test_str_greaterThan" time elapsed: 00:00:00
----------------------------------------------------------

18/24 Testing: test_str_input
18/24 Test: test_str_input
Command: "/Users/mdecker/teaching/software-engineering-examples/ci/build/bin/test_str_input"
Directory: /Users/mdecker/teaching/software-engineering-examples/ci/build/test/string
"test_str_input" start time: Nov 06 18:20 EST
Output:
----------------------------------------------------------
Assertion failed: (input.is_open()), function main, file /Users/mdecker/teaching/software-engineering-examples/ci/my_stl/test/string/test_input.cpp, line 22.
<end of output>
Test time =   0.00 sec
----------------------------------------------------------
Test Failed.
"test_str_input" end time: Nov 06 18:20 EST
"test_str_input" time elapsed: 00:00:00
----------------------------------------------------------

19/24 Testing: test_str_len_cap
19/24 Test: test_str_len_cap
Command: "/Users/mdecker/teaching/software-engineering-examples/ci/build/bin/test_str_len_cap"
Directory: /Users/mdecker/teaching/software-engineering-examples/ci/build/test/string
"test_str_len_cap" start time: Nov 06 18:20 EST
Output:
----------------------------------------------------------
Done testing subscript.
---------------------------------------------------------------------

<end of output>
Test time =   0.00 sec
----------------------------------------------------------
Test Passed.
"test_str_len_cap" end time: Nov 06 18:20 EST
"test_str_len_cap" time elapsed: 00:00:00
----------------------------------------------------------

20/24 Testing: test_str_lessThan
20/24 Test: test_str_lessThan
Command: "/Users/mdecker/teaching/software-engineering-examples/ci/build/bin/test_str_lessThan"
Directory: /Users/mdecker/teaching/software-engineering-examples/ci/build/test/string
"test_str_lessThan" start time: Nov 06 18:20 EST
Output:
----------------------------------------------------------
s1 == ab
s2 == abc
s3 == ad
s4 == d
s5 == ab
s6 == a
s7 == 
Done testing operator<.
---------------------------------------------------------------------

<end of output>
Test time =   0.00 sec
----------------------------------------------------------
Test Passed.
"test_str_lessThan" end time: Nov 06 18:20 EST
"test_str_lessThan" time elapsed: 00:00:00
----------------------------------------------------------

21/24 Testing: test_str_split
21/24 Test: test_str_split
Command: "/Users/mdecker/teaching/software-engineering-examples/ci/build/bin/test_str_split"
Directory: /Users/mdecker/teaching/software-engineering-examples/ci/build/test/string
"test_str_split" start time: Nov 06 18:20 EST
Output:
----------------------------------------------------------
Passed all except part2 + part3
Passed all split tests
<end of output>
Test time =   0.00 sec
----------------------------------------------------------
Test Passed.
"test_str_split" end time: Nov 06 18:20 EST
"test_str_split" time elapsed: 00:00:00
----------------------------------------------------------

22/24 Testing: test_str_subscript
22/24 Test: test_str_subscript
Command: "/Users/mdecker/teaching/software-engineering-examples/ci/build/bin/test_str_subscript"
Directory: /Users/mdecker/teaching/software-engineering-examples/ci/build/test/string
"test_str_subscript" start time: Nov 06 18:20 EST
Output:
----------------------------------------------------------
Done testing subscript.
---------------------------------------------------------------------

<end of output>
Test time =   0.00 sec
----------------------------------------------------------
Test Passed.
"test_str_subscript" end time: Nov 06 18:20 EST
"test_str_subscript" time elapsed: 00:00:00
----------------------------------------------------------

23/24 Testing: test_str_substring
23/24 Test: test_str_substring
Command: "/Users/mdecker/teaching/software-engineering-examples/ci/build/bin/test_str_substring"
Directory: /Users/mdecker/teaching/software-engineering-examples/ci/build/test/string
"test_str_substring" start time: Nov 06 18:20 EST
Output:
----------------------------------------------------------
Done testing find substring.
---------------------------------------------------------------------

<end of output>
Test time =   0.00 sec
----------------------------------------------------------
Test Passed.
"test_str_substring" end time: Nov 06 18:20 EST
"test_str_substring" time elapsed: 00:00:00
----------------------------------------------------------

24/24 Testing: test_str_swap_assign
24/24 Test: test_str_swap_assign
Command: "/Users/mdecker/teaching/software-engineering-examples/ci/build/bin/test_str_swap_assign"
Directory: /Users/mdecker/teaching/software-engineering-examples/ci/build/test/string
"test_str_swap_assign" start time: Nov 06 18:20 EST
Output:
----------------------------------------------------------
Done testing ctor String(char[]).
---------------------------------------------------------------------

<end of output>
Test time =   0.00 sec
----------------------------------------------------------
Test Passed.
"test_str_swap_assign" end time: Nov 06 18:20 EST
"test_str_swap_assign" time elapsed: 00:00:00
----------------------------------------------------------

End testing: Nov 06 18:20 EST
